  [1m[35m (0.9ms)[0m  [1m[34mSELECT pg_try_advisory_lock(6855664872665726250)[0m
  [1m[35m (4.0ms)[0m  [1m[34mSELECT "schema_migrations"."version" FROM "schema_migrations" ORDER BY "schema_migrations"."version" ASC[0m
Migrating to CreateMovies (20200518153423)
  [1m[35m (0.3ms)[0m  [1m[35mBEGIN[0m
  [1m[35m (15.3ms)[0m  [1m[35mCREATE TABLE "movies" ("id" bigserial primary key, "title" character varying, "genre" character varying, "score" integer, "year" integer, "imageUrl" character varying, "created_at" timestamp(6) NOT NULL, "updated_at" timestamp(6) NOT NULL)[0m
  [1m[35m (0.4ms)[0m  [1m[31mROLLBACK[0m
  [1m[35m (0.4ms)[0m  [1m[34mSELECT pg_advisory_unlock(6855664872665726250)[0m
  [1m[35m (1.0ms)[0m  [1m[34mSELECT "schema_migrations"."version" FROM "schema_migrations" ORDER BY "schema_migrations"."version" ASC[0m
  [1m[35m (2.4ms)[0m  [1m[34mSELECT "ar_internal_metadata"."value" FROM "ar_internal_metadata" WHERE "ar_internal_metadata"."key" = $1[0m  [["key", "environment"]]
  [1m[35m (0.2ms)[0m  [1m[34mSELECT "schema_migrations"."version" FROM "schema_migrations" ORDER BY "schema_migrations"."version" ASC[0m
  [1m[35m (0.4ms)[0m  [1m[34mSELECT "ar_internal_metadata"."value" FROM "ar_internal_metadata" WHERE "ar_internal_metadata"."key" = $1[0m  [["key", "environment"]]
  [1m[35m (0.3ms)[0m  [1m[34mSELECT "schema_migrations"."version" FROM "schema_migrations" ORDER BY "schema_migrations"."version" ASC[0m
  [1m[35m (0.2ms)[0m  [1m[34mSELECT "ar_internal_metadata"."value" FROM "ar_internal_metadata" WHERE "ar_internal_metadata"."key" = $1[0m  [["key", "environment"]]
  [1m[35m (203.0ms)[0m  [1m[35mDROP DATABASE IF EXISTS "movies_api_development"[0m
  [1m[35m (210.6ms)[0m  [1m[35mDROP DATABASE IF EXISTS "movies_api_test"[0m
  [1m[35m (515.6ms)[0m  [1m[35mCREATE DATABASE "movies_api_development" ENCODING = 'unicode'[0m
  [1m[35m (433.7ms)[0m  [1m[35mCREATE DATABASE "movies_api_test" ENCODING = 'unicode'[0m
  [1m[35m (7.8ms)[0m  [1m[35mCREATE TABLE "schema_migrations" ("version" character varying NOT NULL PRIMARY KEY)[0m
  [1m[35m (18.2ms)[0m  [1m[35mCREATE TABLE "ar_internal_metadata" ("key" character varying NOT NULL PRIMARY KEY, "value" character varying, "created_at" timestamp(6) NOT NULL, "updated_at" timestamp(6) NOT NULL)[0m
  [1m[35m (0.2ms)[0m  [1m[34mSELECT pg_try_advisory_lock(6855664872665726250)[0m
  [1m[35m (0.5ms)[0m  [1m[34mSELECT "schema_migrations"."version" FROM "schema_migrations" ORDER BY "schema_migrations"."version" ASC[0m
Migrating to CreateMovies (20200518153423)
  [1m[35m (0.3ms)[0m  [1m[35mBEGIN[0m
  [1m[35m (9.1ms)[0m  [1m[35mCREATE TABLE "movies" ("id" bigserial primary key, "title" character varying, "genre" character varying, "score" integer, "year" integer, "imageUrl" character varying, "created_at" timestamp(6) NOT NULL, "updated_at" timestamp(6) NOT NULL)[0m
  [1m[36mprimary::SchemaMigration Create (0.5ms)[0m  [1m[32mINSERT INTO "schema_migrations" ("version") VALUES ($1) RETURNING "version"[0m  [["version", "20200518153423"]]
  [1m[35m (0.3ms)[0m  [1m[35mCOMMIT[0m
  [1m[36mActiveRecord::InternalMetadata Load (0.9ms)[0m  [1m[34mSELECT "ar_internal_metadata".* FROM "ar_internal_metadata" WHERE "ar_internal_metadata"."key" = $1 LIMIT $2[0m  [["key", "environment"], ["LIMIT", 1]]
  [1m[35m (0.1ms)[0m  [1m[35mBEGIN[0m
  [1m[36mActiveRecord::InternalMetadata Create (0.9ms)[0m  [1m[32mINSERT INTO "ar_internal_metadata" ("key", "value", "created_at", "updated_at") VALUES ($1, $2, $3, $4) RETURNING "key"[0m  [["key", "environment"], ["value", "development"], ["created_at", "2020-05-18 15:40:05.725139"], ["updated_at", "2020-05-18 15:40:05.725139"]]
  [1m[35m (0.2ms)[0m  [1m[35mCOMMIT[0m
  [1m[35m (0.2ms)[0m  [1m[34mSELECT pg_advisory_unlock(6855664872665726250)[0m
  [1m[35m (0.9ms)[0m  [1m[34mSELECT "schema_migrations"."version" FROM "schema_migrations" ORDER BY "schema_migrations"."version" ASC[0m
  [1m[35m (0.6ms)[0m  [1m[34mSELECT "schema_migrations"."version" FROM "schema_migrations" ORDER BY "schema_migrations"."version" ASC[0m
  [1m[36mMovie Load (0.5ms)[0m  [1m[34mSELECT "movies".* FROM "movies"[0m
  [1m[35m (0.2ms)[0m  [1m[35mBEGIN[0m
  [1m[36mMovie Create (1.2ms)[0m  [1m[32mINSERT INTO "movies" ("title", "genre", "score", "year", "imageUrl", "created_at", "updated_at") VALUES ($1, $2, $3, $4, $5, $6, $7) RETURNING "id"[0m  [["title", "Jaws"], ["genre", "Horror"], ["score", 19], ["year", 1975], ["imageUrl", "https://resizing.flixster.com/h8e7W7cVaQhuLdSvABDkJk6r5sc=/206x305/v1.bTsxMTE2NjE5OTtqOzE4MzU0OzEyMDA7ODAwOzEyMDA"], ["created_at", "2020-05-18 15:43:45.142869"], ["updated_at", "2020-05-18 15:43:45.142869"]]
  [1m[35m (0.5ms)[0m  [1m[35mCOMMIT[0m
  [1m[35m (0.1ms)[0m  [1m[35mBEGIN[0m
  [1m[36mMovie Create (0.3ms)[0m  [1m[32mINSERT INTO "movies" ("title", "genre", "score", "year", "imageUrl", "created_at", "updated_at") VALUES ($1, $2, $3, $4, $5, $6, $7) RETURNING "id"[0m  [["title", "The Matrix"], ["genre", "Science Fiction"], ["score", 18], ["year", 1999], ["imageUrl", "https://imgc.allpostersimages.com/img/print/u-g-F4S5W20.jpg?w=550&h=550&p=0"], ["created_at", "2020-05-18 15:43:45.148744"], ["updated_at", "2020-05-18 15:43:45.148744"]]
  [1m[35m (0.5ms)[0m  [1m[35mCOMMIT[0m
  [1m[35m (0.2ms)[0m  [1m[35mBEGIN[0m
  [1m[36mMovie Create (0.3ms)[0m  [1m[32mINSERT INTO "movies" ("title", "genre", "score", "year", "imageUrl", "created_at", "updated_at") VALUES ($1, $2, $3, $4, $5, $6, $7) RETURNING "id"[0m  [["title", "The Goonies"], ["genre", "Adventure"], ["score", 0], ["year", 1985], ["imageUrl", "https://images-na.ssl-images-amazon.com/images/I/515DYf99zfL.jpg"], ["created_at", "2020-05-18 15:43:45.153121"], ["updated_at", "2020-05-18 15:43:45.153121"]]
  [1m[35m (0.3ms)[0m  [1m[35mCOMMIT[0m
  [1m[35m (0.1ms)[0m  [1m[35mBEGIN[0m
  [1m[36mMovie Create (0.2ms)[0m  [1m[32mINSERT INTO "movies" ("title", "genre", "score", "year", "imageUrl", "created_at", "updated_at") VALUES ($1, $2, $3, $4, $5, $6, $7) RETURNING "id"[0m  [["title", "Free Willy"], ["genre", "Family"], ["score", 0], ["year", 1993], ["imageUrl", "https://upload.wikimedia.org/wikipedia/en/thumb/b/b5/Free_willy.jpg/220px-Free_willy.jpg"], ["created_at", "2020-05-18 15:43:45.156676"], ["updated_at", "2020-05-18 15:43:45.156676"]]
  [1m[35m (0.5ms)[0m  [1m[35mCOMMIT[0m
  [1m[35m (0.1ms)[0m  [1m[35mBEGIN[0m
  [1m[36mMovie Create (0.3ms)[0m  [1m[32mINSERT INTO "movies" ("title", "genre", "score", "year", "imageUrl", "created_at", "updated_at") VALUES ($1, $2, $3, $4, $5, $6, $7) RETURNING "id"[0m  [["title", "Top Gun"], ["genre", "Action"], ["score", 0], ["year", 1986], ["imageUrl", "https://m.media-amazon.com/images/M/MV5BZjQxYTA3ODItNzgxMy00N2Y2LWJlZGMtMTRlM2JkZjI1ZDhhXkEyXkFqcGdeQXVyNDk3NzU2MTQ@._V1_.jpg"], ["created_at", "2020-05-18 15:43:45.160020"], ["updated_at", "2020-05-18 15:43:45.160020"]]
  [1m[35m (0.3ms)[0m  [1m[35mCOMMIT[0m
  [1m[35m (0.1ms)[0m  [1m[35mBEGIN[0m
  [1m[36mMovie Create (0.2ms)[0m  [1m[32mINSERT INTO "movies" ("title", "genre", "score", "year", "imageUrl", "created_at", "updated_at") VALUES ($1, $2, $3, $4, $5, $6, $7) RETURNING "id"[0m  [["title", "Mean Girls"], ["genre", "Comedy"], ["score", 0], ["year", 2004], ["imageUrl", "https://img01.mgo-images.com/image/thumbnail?id=1MV270609a1c6c89af5538a6d63cea71ed4&ql=70&sizes=310x465"], ["created_at", "2020-05-18 15:43:45.163032"], ["updated_at", "2020-05-18 15:43:45.163032"]]
  [1m[35m (0.6ms)[0m  [1m[35mCOMMIT[0m
  [1m[35m (0.4ms)[0m  [1m[35mBEGIN[0m
  [1m[36mMovie Create (0.7ms)[0m  [1m[32mINSERT INTO "movies" ("title", "genre", "score", "year", "imageUrl", "created_at", "updated_at") VALUES ($1, $2, $3, $4, $5, $6, $7) RETURNING "id"[0m  [["title", "Tron"], ["genre", "Science Fiction"], ["score", 0], ["year", 2980], ["imageUrl", "https://images-na.ssl-images-amazon.com/images/I/41npElxA48L._AC_.jpg"], ["created_at", "2020-05-18 15:43:45.166492"], ["updated_at", "2020-05-18 15:43:45.166492"]]
  [1m[35m (0.3ms)[0m  [1m[35mCOMMIT[0m
  [1m[35m (0.2ms)[0m  [1m[35mBEGIN[0m
  [1m[36mMovie Create (0.4ms)[0m  [1m[32mINSERT INTO "movies" ("title", "genre", "score", "year", "imageUrl", "created_at", "updated_at") VALUES ($1, $2, $3, $4, $5, $6, $7) RETURNING "id"[0m  [["title", "What About Bob?"], ["genre", "Comedy"], ["score", 0], ["year", 1991], ["imageUrl", "https://www.movieartarena.com/imgs/wab.jpg"], ["created_at", "2020-05-18 15:43:45.171964"], ["updated_at", "2020-05-18 15:43:45.171964"]]
  [1m[35m (0.3ms)[0m  [1m[35mCOMMIT[0m
  [1m[35m (0.2ms)[0m  [1m[35mBEGIN[0m
  [1m[36mMovie Create (1.2ms)[0m  [1m[32mINSERT INTO "movies" ("title", "genre", "score", "year", "imageUrl", "created_at", "updated_at") VALUES ($1, $2, $3, $4, $5, $6, $7) RETURNING "id"[0m  [["title", "Working Girl"], ["genre", "Drama"], ["score", 99], ["year", 1987], ["imageUrl", "https://images-na.ssl-images-amazon.com/images/I/51X9TJrRBCL._AC_.jpg"], ["created_at", "2020-05-18 15:43:45.175499"], ["updated_at", "2020-05-18 15:43:45.175499"]]
  [1m[35m (0.4ms)[0m  [1m[35mCOMMIT[0m
  [1m[35m (0.1ms)[0m  [1m[35mBEGIN[0m
  [1m[36mMovie Create (0.4ms)[0m  [1m[32mINSERT INTO "movies" ("title", "genre", "score", "year", "imageUrl", "created_at", "updated_at") VALUES ($1, $2, $3, $4, $5, $6, $7) RETURNING "id"[0m  [["title", "Alien"], ["genre", "Horror"], ["score", 0], ["year", 1979], ["imageUrl", "https://i.etsystatic.com/14461980/r/il/28c6d5/1417485862/il_570xN.1417485862_le2x.jpg"], ["created_at", "2020-05-18 15:43:45.181391"], ["updated_at", "2020-05-18 15:43:45.181391"]]
  [1m[35m (0.3ms)[0m  [1m[35mCOMMIT[0m
  [1m[35m (0.1ms)[0m  [1m[35mBEGIN[0m
  [1m[36mMovie Create (0.3ms)[0m  [1m[32mINSERT INTO "movies" ("title", "genre", "score", "year", "imageUrl", "created_at", "updated_at") VALUES ($1, $2, $3, $4, $5, $6, $7) RETURNING "id"[0m  [["title", "Predator"], ["genre", "Horror"], ["score", 0], ["year", 1986], ["imageUrl", "https://movieposters2.com/images/1566923-b.jpg"], ["created_at", "2020-05-18 15:43:45.184671"], ["updated_at", "2020-05-18 15:43:45.184671"]]
  [1m[35m (0.3ms)[0m  [1m[35mCOMMIT[0m
  [1m[36mMovie Load (0.4ms)[0m  [1m[34mSELECT "movies".* FROM "movies" ORDER BY "movies"."id" ASC LIMIT $1[0m  [["LIMIT", 1]]
  [1m[36mMovie Load (0.8ms)[0m  [1m[34mSELECT "movies".* FROM "movies" ORDER BY "movies"."id" ASC LIMIT $1[0m  [["LIMIT", 1]]
  [1m[36mMovie Load (0.5ms)[0m  [1m[34mSELECT "movies".* FROM "movies" ORDER BY "movies"."id" DESC LIMIT $1[0m  [["LIMIT", 1]]
Started GET "/movies.json" for ::1 at 2020-05-18 11:44:41 -0400
  [1m[35m (0.8ms)[0m  [1m[34mSELECT "schema_migrations"."version" FROM "schema_migrations" ORDER BY "schema_migrations"."version" ASC[0m
  
ActionController::RoutingError (No route matches [GET] "/movies.json"):
  
actionpack (6.0.3) lib/action_dispatch/middleware/debug_exceptions.rb:36:in `call'
actionpack (6.0.3) lib/action_dispatch/middleware/show_exceptions.rb:33:in `call'
railties (6.0.3) lib/rails/rack/logger.rb:37:in `call_app'
railties (6.0.3) lib/rails/rack/logger.rb:26:in `block in call'
activesupport (6.0.3) lib/active_support/tagged_logging.rb:80:in `block in tagged'
activesupport (6.0.3) lib/active_support/tagged_logging.rb:28:in `tagged'
activesupport (6.0.3) lib/active_support/tagged_logging.rb:80:in `tagged'
railties (6.0.3) lib/rails/rack/logger.rb:26:in `call'
actionpack (6.0.3) lib/action_dispatch/middleware/remote_ip.rb:81:in `call'
actionpack (6.0.3) lib/action_dispatch/middleware/request_id.rb:27:in `call'
rack (2.2.2) lib/rack/runtime.rb:22:in `call'
activesupport (6.0.3) lib/active_support/cache/strategy/local_cache_middleware.rb:29:in `call'
actionpack (6.0.3) lib/action_dispatch/middleware/executor.rb:14:in `call'
actionpack (6.0.3) lib/action_dispatch/middleware/static.rb:126:in `call'
rack (2.2.2) lib/rack/sendfile.rb:110:in `call'
actionpack (6.0.3) lib/action_dispatch/middleware/host_authorization.rb:82:in `call'
railties (6.0.3) lib/rails/engine.rb:527:in `call'
puma (4.3.3) lib/puma/configuration.rb:228:in `call'
puma (4.3.3) lib/puma/server.rb:682:in `handle_request'
puma (4.3.3) lib/puma/server.rb:472:in `process_client'
puma (4.3.3) lib/puma/server.rb:328:in `block in run'
puma (4.3.3) lib/puma/thread_pool.rb:134:in `block in spawn_thread'
Started GET "/favicon.ico" for ::1 at 2020-05-18 11:44:41 -0400
  
ActionController::RoutingError (No route matches [GET] "/favicon.ico"):
  
actionpack (6.0.3) lib/action_dispatch/middleware/debug_exceptions.rb:36:in `call'
actionpack (6.0.3) lib/action_dispatch/middleware/show_exceptions.rb:33:in `call'
railties (6.0.3) lib/rails/rack/logger.rb:37:in `call_app'
railties (6.0.3) lib/rails/rack/logger.rb:26:in `block in call'
activesupport (6.0.3) lib/active_support/tagged_logging.rb:80:in `block in tagged'
activesupport (6.0.3) lib/active_support/tagged_logging.rb:28:in `tagged'
activesupport (6.0.3) lib/active_support/tagged_logging.rb:80:in `tagged'
railties (6.0.3) lib/rails/rack/logger.rb:26:in `call'
actionpack (6.0.3) lib/action_dispatch/middleware/remote_ip.rb:81:in `call'
actionpack (6.0.3) lib/action_dispatch/middleware/request_id.rb:27:in `call'
rack (2.2.2) lib/rack/runtime.rb:22:in `call'
activesupport (6.0.3) lib/active_support/cache/strategy/local_cache_middleware.rb:29:in `call'
actionpack (6.0.3) lib/action_dispatch/middleware/executor.rb:14:in `call'
actionpack (6.0.3) lib/action_dispatch/middleware/static.rb:126:in `call'
rack (2.2.2) lib/rack/sendfile.rb:110:in `call'
actionpack (6.0.3) lib/action_dispatch/middleware/host_authorization.rb:82:in `call'
railties (6.0.3) lib/rails/engine.rb:527:in `call'
puma (4.3.3) lib/puma/configuration.rb:228:in `call'
puma (4.3.3) lib/puma/server.rb:682:in `handle_request'
puma (4.3.3) lib/puma/server.rb:472:in `process_client'
puma (4.3.3) lib/puma/server.rb:328:in `block in run'
puma (4.3.3) lib/puma/thread_pool.rb:134:in `block in spawn_thread'
Started GET "/api/v1/movies.json" for ::1 at 2020-05-18 11:45:02 -0400
  
AbstractController::ActionNotFound (The action 'index' could not be found for Api::V1::MoviesController):
  
actionpack (6.0.3) lib/abstract_controller/base.rb:131:in `process'
actionpack (6.0.3) lib/action_controller/metal.rb:190:in `dispatch'
actionpack (6.0.3) lib/action_controller/metal.rb:254:in `dispatch'
actionpack (6.0.3) lib/action_dispatch/routing/route_set.rb:50:in `dispatch'
actionpack (6.0.3) lib/action_dispatch/routing/route_set.rb:33:in `serve'
actionpack (6.0.3) lib/action_dispatch/journey/router.rb:49:in `block in serve'
actionpack (6.0.3) lib/action_dispatch/journey/router.rb:32:in `each'
actionpack (6.0.3) lib/action_dispatch/journey/router.rb:32:in `serve'
actionpack (6.0.3) lib/action_dispatch/routing/route_set.rb:834:in `call'
rack (2.2.2) lib/rack/etag.rb:27:in `call'
rack (2.2.2) lib/rack/conditional_get.rb:27:in `call'
rack (2.2.2) lib/rack/head.rb:12:in `call'
activerecord (6.0.3) lib/active_record/migration.rb:567:in `call'
actionpack (6.0.3) lib/action_dispatch/middleware/callbacks.rb:27:in `block in call'
activesupport (6.0.3) lib/active_support/callbacks.rb:101:in `run_callbacks'
actionpack (6.0.3) lib/action_dispatch/middleware/callbacks.rb:26:in `call'
actionpack (6.0.3) lib/action_dispatch/middleware/executor.rb:14:in `call'
actionpack (6.0.3) lib/action_dispatch/middleware/actionable_exceptions.rb:17:in `call'
actionpack (6.0.3) lib/action_dispatch/middleware/debug_exceptions.rb:32:in `call'
actionpack (6.0.3) lib/action_dispatch/middleware/show_exceptions.rb:33:in `call'
railties (6.0.3) lib/rails/rack/logger.rb:37:in `call_app'
railties (6.0.3) lib/rails/rack/logger.rb:26:in `block in call'
activesupport (6.0.3) lib/active_support/tagged_logging.rb:80:in `block in tagged'
activesupport (6.0.3) lib/active_support/tagged_logging.rb:28:in `tagged'
activesupport (6.0.3) lib/active_support/tagged_logging.rb:80:in `tagged'
railties (6.0.3) lib/rails/rack/logger.rb:26:in `call'
actionpack (6.0.3) lib/action_dispatch/middleware/remote_ip.rb:81:in `call'
actionpack (6.0.3) lib/action_dispatch/middleware/request_id.rb:27:in `call'
rack (2.2.2) lib/rack/runtime.rb:22:in `call'
activesupport (6.0.3) lib/active_support/cache/strategy/local_cache_middleware.rb:29:in `call'
actionpack (6.0.3) lib/action_dispatch/middleware/executor.rb:14:in `call'
actionpack (6.0.3) lib/action_dispatch/middleware/static.rb:126:in `call'
rack (2.2.2) lib/rack/sendfile.rb:110:in `call'
actionpack (6.0.3) lib/action_dispatch/middleware/host_authorization.rb:82:in `call'
railties (6.0.3) lib/rails/engine.rb:527:in `call'
puma (4.3.3) lib/puma/configuration.rb:228:in `call'
puma (4.3.3) lib/puma/server.rb:682:in `handle_request'
puma (4.3.3) lib/puma/server.rb:472:in `process_client'
puma (4.3.3) lib/puma/server.rb:328:in `block in run'
puma (4.3.3) lib/puma/thread_pool.rb:134:in `block in spawn_thread'
Started GET "/api/v1/movies.json" for ::1 at 2020-05-18 11:45:21 -0400
Processing by Api::V1::MoviesController#index as JSON
Completed 204 No Content in 0ms (ActiveRecord: 0.0ms | Allocations: 70)


Started GET "/api/v1/movies.json" for ::1 at 2020-05-18 11:45:22 -0400
Processing by Api::V1::MoviesController#index as JSON
Completed 204 No Content in 0ms (ActiveRecord: 0.0ms | Allocations: 27)


Started GET "/api/v1/movies.json" for ::1 at 2020-05-18 11:45:24 -0400
Processing by Api::V1::MoviesController#index as JSON
Completed 204 No Content in 0ms (ActiveRecord: 0.0ms | Allocations: 27)


Started GET "/api/v1/movies.json" for ::1 at 2020-05-18 11:47:01 -0400
Processing by Api::V1::MoviesController#index as JSON
  [1m[36mMovie Load (0.9ms)[0m  [1m[34mSELECT "movies".* FROM "movies"[0m
  ↳ app/controllers/api/v1/movies_controller.rb:5:in `index'
Completed 200 OK in 20ms (Views: 10.1ms | ActiveRecord: 8.3ms | Allocations: 8624)


Started GET "/movies" for ::1 at 2020-05-18 11:47:16 -0400
  
ActionController::RoutingError (No route matches [GET] "/movies"):
  
actionpack (6.0.3) lib/action_dispatch/middleware/debug_exceptions.rb:36:in `call'
actionpack (6.0.3) lib/action_dispatch/middleware/show_exceptions.rb:33:in `call'
railties (6.0.3) lib/rails/rack/logger.rb:37:in `call_app'
railties (6.0.3) lib/rails/rack/logger.rb:26:in `block in call'
activesupport (6.0.3) lib/active_support/tagged_logging.rb:80:in `block in tagged'
activesupport (6.0.3) lib/active_support/tagged_logging.rb:28:in `tagged'
activesupport (6.0.3) lib/active_support/tagged_logging.rb:80:in `tagged'
railties (6.0.3) lib/rails/rack/logger.rb:26:in `call'
actionpack (6.0.3) lib/action_dispatch/middleware/remote_ip.rb:81:in `call'
actionpack (6.0.3) lib/action_dispatch/middleware/request_id.rb:27:in `call'
rack (2.2.2) lib/rack/runtime.rb:22:in `call'
activesupport (6.0.3) lib/active_support/cache/strategy/local_cache_middleware.rb:29:in `call'
actionpack (6.0.3) lib/action_dispatch/middleware/executor.rb:14:in `call'
actionpack (6.0.3) lib/action_dispatch/middleware/static.rb:126:in `call'
rack (2.2.2) lib/rack/sendfile.rb:110:in `call'
actionpack (6.0.3) lib/action_dispatch/middleware/host_authorization.rb:82:in `call'
railties (6.0.3) lib/rails/engine.rb:527:in `call'
puma (4.3.3) lib/puma/configuration.rb:228:in `call'
puma (4.3.3) lib/puma/server.rb:682:in `handle_request'
puma (4.3.3) lib/puma/server.rb:472:in `process_client'
puma (4.3.3) lib/puma/server.rb:328:in `block in run'
puma (4.3.3) lib/puma/thread_pool.rb:134:in `block in spawn_thread'
Started GET "/api/v1/movies" for ::1 at 2020-05-18 11:48:01 -0400
Processing by Api::V1::MoviesController#index as */*
  [1m[36mMovie Load (0.8ms)[0m  [1m[34mSELECT "movies".* FROM "movies"[0m
  ↳ app/controllers/api/v1/movies_controller.rb:5:in `index'
Completed 200 OK in 5ms (Views: 4.2ms | ActiveRecord: 0.8ms | Allocations: 2492)


Started GET "/api/v1/movies" for ::1 at 2020-05-18 11:48:03 -0400
Processing by Api::V1::MoviesController#index as */*
  [1m[36mMovie Load (13.8ms)[0m  [1m[34mSELECT "movies".* FROM "movies"[0m
  ↳ app/controllers/api/v1/movies_controller.rb:5:in `index'
Completed 200 OK in 18ms (Views: 3.5ms | ActiveRecord: 13.8ms | Allocations: 2494)


Started GET "/api/v1/movies" for ::1 at 2020-05-18 11:48:16 -0400
Processing by Api::V1::MoviesController#index as */*
  [1m[36mMovie Load (1.1ms)[0m  [1m[34mSELECT "movies".* FROM "movies"[0m
  ↳ app/controllers/api/v1/movies_controller.rb:5:in `index'
Completed 200 OK in 6ms (Views: 4.3ms | ActiveRecord: 1.1ms | Allocations: 2495)


Started GET "/api/v1/movies" for ::1 at 2020-05-18 11:48:18 -0400
Processing by Api::V1::MoviesController#index as */*
  [1m[36mMovie Load (4.0ms)[0m  [1m[34mSELECT "movies".* FROM "movies"[0m
  ↳ app/controllers/api/v1/movies_controller.rb:5:in `index'
Completed 200 OK in 9ms (Views: 4.1ms | ActiveRecord: 4.0ms | Allocations: 2477)


Started GET "/api/v1/movies" for ::1 at 2020-05-18 11:51:11 -0400
  [1m[35m (0.9ms)[0m  [1m[34mSELECT "schema_migrations"."version" FROM "schema_migrations" ORDER BY "schema_migrations"."version" ASC[0m
Processing by Api::V1::MoviesController#index as */*
  [1m[36mMovie Load (0.7ms)[0m  [1m[34mSELECT "movies".* FROM "movies"[0m
  ↳ app/controllers/api/v1/movies_controller.rb:5:in `index'
Completed 200 OK in 17ms (Views: 9.4ms | ActiveRecord: 6.7ms | Allocations: 8590)


Started GET "/api/v1/movies/1" for ::1 at 2020-05-18 11:51:18 -0400
  
AbstractController::ActionNotFound (The action 'show' could not be found for Api::V1::MoviesController):
  
actionpack (6.0.3) lib/abstract_controller/base.rb:131:in `process'
actionpack (6.0.3) lib/action_controller/metal.rb:190:in `dispatch'
actionpack (6.0.3) lib/action_controller/metal.rb:254:in `dispatch'
actionpack (6.0.3) lib/action_dispatch/routing/route_set.rb:50:in `dispatch'
actionpack (6.0.3) lib/action_dispatch/routing/route_set.rb:33:in `serve'
actionpack (6.0.3) lib/action_dispatch/journey/router.rb:49:in `block in serve'
actionpack (6.0.3) lib/action_dispatch/journey/router.rb:32:in `each'
actionpack (6.0.3) lib/action_dispatch/journey/router.rb:32:in `serve'
actionpack (6.0.3) lib/action_dispatch/routing/route_set.rb:834:in `call'
rack (2.2.2) lib/rack/etag.rb:27:in `call'
rack (2.2.2) lib/rack/conditional_get.rb:27:in `call'
rack (2.2.2) lib/rack/head.rb:12:in `call'
activerecord (6.0.3) lib/active_record/migration.rb:567:in `call'
actionpack (6.0.3) lib/action_dispatch/middleware/callbacks.rb:27:in `block in call'
activesupport (6.0.3) lib/active_support/callbacks.rb:101:in `run_callbacks'
actionpack (6.0.3) lib/action_dispatch/middleware/callbacks.rb:26:in `call'
actionpack (6.0.3) lib/action_dispatch/middleware/executor.rb:14:in `call'
actionpack (6.0.3) lib/action_dispatch/middleware/actionable_exceptions.rb:17:in `call'
actionpack (6.0.3) lib/action_dispatch/middleware/debug_exceptions.rb:32:in `call'
actionpack (6.0.3) lib/action_dispatch/middleware/show_exceptions.rb:33:in `call'
railties (6.0.3) lib/rails/rack/logger.rb:37:in `call_app'
railties (6.0.3) lib/rails/rack/logger.rb:26:in `block in call'
activesupport (6.0.3) lib/active_support/tagged_logging.rb:80:in `block in tagged'
activesupport (6.0.3) lib/active_support/tagged_logging.rb:28:in `tagged'
activesupport (6.0.3) lib/active_support/tagged_logging.rb:80:in `tagged'
railties (6.0.3) lib/rails/rack/logger.rb:26:in `call'
actionpack (6.0.3) lib/action_dispatch/middleware/remote_ip.rb:81:in `call'
actionpack (6.0.3) lib/action_dispatch/middleware/request_id.rb:27:in `call'
rack (2.2.2) lib/rack/runtime.rb:22:in `call'
activesupport (6.0.3) lib/active_support/cache/strategy/local_cache_middleware.rb:29:in `call'
actionpack (6.0.3) lib/action_dispatch/middleware/executor.rb:14:in `call'
actionpack (6.0.3) lib/action_dispatch/middleware/static.rb:126:in `call'
rack (2.2.2) lib/rack/sendfile.rb:110:in `call'
actionpack (6.0.3) lib/action_dispatch/middleware/host_authorization.rb:82:in `call'
rack-cors (1.1.1) lib/rack/cors.rb:100:in `call'
railties (6.0.3) lib/rails/engine.rb:527:in `call'
puma (4.3.3) lib/puma/configuration.rb:228:in `call'
puma (4.3.3) lib/puma/server.rb:682:in `handle_request'
puma (4.3.3) lib/puma/server.rb:472:in `process_client'
puma (4.3.3) lib/puma/server.rb:328:in `block in run'
puma (4.3.3) lib/puma/thread_pool.rb:134:in `block in spawn_thread'
Started GET "/api/v1/movies" for ::1 at 2020-05-18 11:52:16 -0400
Processing by Api::V1::MoviesController#index as */*
  [1m[36mMovie Load (0.4ms)[0m  [1m[34mSELECT "movies".* FROM "movies"[0m
  ↳ app/controllers/api/v1/movies_controller.rb:5:in `index'
Completed 200 OK in 16ms (Views: 9.1ms | ActiveRecord: 6.0ms | Allocations: 8065)


Started GET "/api/v1/movies/3" for ::1 at 2020-05-18 11:52:19 -0400
Processing by Api::V1::MoviesController#show as */*
  Parameters: {"id"=>"3"}
  [1m[36mMovie Load (1.4ms)[0m  [1m[34mSELECT "movies".* FROM "movies" WHERE "movies"."id" = $1 LIMIT $2[0m  [["id", 3], ["LIMIT", 1]]
  ↳ app/controllers/api/v1/movies_controller.rb:9:in `show'
Completed 200 OK in 8ms (Views: 0.6ms | ActiveRecord: 2.1ms | Allocations: 1236)


Started GET "/api/v1/movies/7" for ::1 at 2020-05-18 11:52:22 -0400
Processing by Api::V1::MoviesController#show as */*
  Parameters: {"id"=>"7"}
  [1m[36mMovie Load (0.6ms)[0m  [1m[34mSELECT "movies".* FROM "movies" WHERE "movies"."id" = $1 LIMIT $2[0m  [["id", 7], ["LIMIT", 1]]
  ↳ app/controllers/api/v1/movies_controller.rb:9:in `show'
Completed 200 OK in 3ms (Views: 0.5ms | ActiveRecord: 0.6ms | Allocations: 786)


Started POST "/api/v1/movies" for ::1 at 2020-05-18 11:53:03 -0400
  
AbstractController::ActionNotFound (The action 'create' could not be found for Api::V1::MoviesController):
  
actionpack (6.0.3) lib/abstract_controller/base.rb:131:in `process'
actionpack (6.0.3) lib/action_controller/metal.rb:190:in `dispatch'
actionpack (6.0.3) lib/action_controller/metal.rb:254:in `dispatch'
actionpack (6.0.3) lib/action_dispatch/routing/route_set.rb:50:in `dispatch'
actionpack (6.0.3) lib/action_dispatch/routing/route_set.rb:33:in `serve'
actionpack (6.0.3) lib/action_dispatch/journey/router.rb:49:in `block in serve'
actionpack (6.0.3) lib/action_dispatch/journey/router.rb:32:in `each'
actionpack (6.0.3) lib/action_dispatch/journey/router.rb:32:in `serve'
actionpack (6.0.3) lib/action_dispatch/routing/route_set.rb:834:in `call'
rack (2.2.2) lib/rack/etag.rb:27:in `call'
rack (2.2.2) lib/rack/conditional_get.rb:40:in `call'
rack (2.2.2) lib/rack/head.rb:12:in `call'
activerecord (6.0.3) lib/active_record/migration.rb:567:in `call'
actionpack (6.0.3) lib/action_dispatch/middleware/callbacks.rb:27:in `block in call'
activesupport (6.0.3) lib/active_support/callbacks.rb:101:in `run_callbacks'
actionpack (6.0.3) lib/action_dispatch/middleware/callbacks.rb:26:in `call'
actionpack (6.0.3) lib/action_dispatch/middleware/executor.rb:14:in `call'
actionpack (6.0.3) lib/action_dispatch/middleware/actionable_exceptions.rb:17:in `call'
actionpack (6.0.3) lib/action_dispatch/middleware/debug_exceptions.rb:32:in `call'
actionpack (6.0.3) lib/action_dispatch/middleware/show_exceptions.rb:33:in `call'
railties (6.0.3) lib/rails/rack/logger.rb:37:in `call_app'
railties (6.0.3) lib/rails/rack/logger.rb:26:in `block in call'
activesupport (6.0.3) lib/active_support/tagged_logging.rb:80:in `block in tagged'
activesupport (6.0.3) lib/active_support/tagged_logging.rb:28:in `tagged'
activesupport (6.0.3) lib/active_support/tagged_logging.rb:80:in `tagged'
railties (6.0.3) lib/rails/rack/logger.rb:26:in `call'
actionpack (6.0.3) lib/action_dispatch/middleware/remote_ip.rb:81:in `call'
actionpack (6.0.3) lib/action_dispatch/middleware/request_id.rb:27:in `call'
rack (2.2.2) lib/rack/runtime.rb:22:in `call'
activesupport (6.0.3) lib/active_support/cache/strategy/local_cache_middleware.rb:29:in `call'
actionpack (6.0.3) lib/action_dispatch/middleware/executor.rb:14:in `call'
actionpack (6.0.3) lib/action_dispatch/middleware/static.rb:126:in `call'
rack (2.2.2) lib/rack/sendfile.rb:110:in `call'
actionpack (6.0.3) lib/action_dispatch/middleware/host_authorization.rb:82:in `call'
rack-cors (1.1.1) lib/rack/cors.rb:100:in `call'
railties (6.0.3) lib/rails/engine.rb:527:in `call'
puma (4.3.3) lib/puma/configuration.rb:228:in `call'
puma (4.3.3) lib/puma/server.rb:682:in `handle_request'
puma (4.3.3) lib/puma/server.rb:472:in `process_client'
puma (4.3.3) lib/puma/server.rb:328:in `block in run'
puma (4.3.3) lib/puma/thread_pool.rb:134:in `block in spawn_thread'
Started GET "/api/v1/movies" for ::1 at 2020-05-18 11:54:52 -0400
Processing by Api::V1::MoviesController#index as */*
  [1m[36mMovie Load (0.3ms)[0m  [1m[34mSELECT "movies".* FROM "movies"[0m
  ↳ app/controllers/api/v1/movies_controller.rb:5:in `index'
Completed 200 OK in 16ms (Views: 9.1ms | ActiveRecord: 5.8ms | Allocations: 7999)


Started POST "/api/v1/movies" for ::1 at 2020-05-18 11:55:02 -0400
Processing by Api::V1::MoviesController#create as 
  Parameters: {"year"=>"1990", "title"=>"Critters", "genre"=>"Horror", "imageUrl"=>"https://i.etsystatic.com/12435431/r/il/8ba4c0/1575093362/il_570xN.1575093362_pa3i.jpg", "score"=>0, "movie"=>{"title"=>"Critters", "genre"=>"Horror", "score"=>0, "year"=>"1990", "imageUrl"=>"https://i.etsystatic.com/12435431/r/il/8ba4c0/1575093362/il_570xN.1575093362_pa3i.jpg"}}
  [1m[35m (0.6ms)[0m  [1m[35mBEGIN[0m
  ↳ app/controllers/api/v1/movies_controller.rb:15:in `create'
  [1m[36mMovie Create (0.6ms)[0m  [1m[32mINSERT INTO "movies" ("title", "genre", "score", "year", "imageUrl", "created_at", "updated_at") VALUES ($1, $2, $3, $4, $5, $6, $7) RETURNING "id"[0m  [["title", "Critters"], ["genre", "Horror"], ["score", 0], ["year", 1990], ["imageUrl", "https://i.etsystatic.com/12435431/r/il/8ba4c0/1575093362/il_570xN.1575093362_pa3i.jpg"], ["created_at", "2020-05-18 15:56:06.700051"], ["updated_at", "2020-05-18 15:56:06.700051"]]
  ↳ app/controllers/api/v1/movies_controller.rb:15:in `create'
  [1m[35m (0.6ms)[0m  [1m[35mCOMMIT[0m
  ↳ app/controllers/api/v1/movies_controller.rb:15:in `create'
Completed 200 OK in 64426ms (Views: 0.5ms | ActiveRecord: 1.7ms | Allocations: 57712)


Started GET "/api/v1/movies" for ::1 at 2020-05-18 11:56:10 -0400
Processing by Api::V1::MoviesController#index as */*
  [1m[36mMovie Load (0.5ms)[0m  [1m[34mSELECT "movies".* FROM "movies"[0m
  ↳ app/controllers/api/v1/movies_controller.rb:5:in `index'
Completed 200 OK in 6ms (Views: 5.1ms | ActiveRecord: 0.5ms | Allocations: 2629)


Started GET "/api/v1/movies" for ::1 at 2020-05-18 11:56:43 -0400
Processing by Api::V1::MoviesController#index as */*
  [1m[36mMovie Load (0.5ms)[0m  [1m[34mSELECT "movies".* FROM "movies"[0m
  ↳ app/controllers/api/v1/movies_controller.rb:3:in `sort_by'
Completed 200 OK in 36ms (Views: 1.6ms | ActiveRecord: 9.8ms | Allocations: 8059)


Started GET "/api/v1/movies" for ::1 at 2020-05-18 11:56:54 -0400
Processing by Api::V1::MoviesController#index as */*
  [1m[36mMovie Load (8.4ms)[0m  [1m[34mSELECT "movies".* FROM "movies"[0m
  ↳ app/controllers/api/v1/movies_controller.rb:3:in `sort_by'
Completed 200 OK in 14ms (Views: 3.1ms | ActiveRecord: 8.4ms | Allocations: 2481)


Started GET "/api/v1/movies" for ::1 at 2020-05-18 11:57:19 -0400
Processing by Api::V1::MoviesController#index as */*
  [1m[36mMovie Load (4.5ms)[0m  [1m[34mSELECT "movies".* FROM "movies"[0m
  ↳ app/controllers/api/v1/movies_controller.rb:3:in `sort_by'
Completed 200 OK in 13ms (Views: 5.6ms | ActiveRecord: 4.5ms | Allocations: 2465)


Started GET "/api/v1/movies" for ::1 at 2020-05-18 11:59:45 -0400
Processing by Api::V1::MoviesController#index as */*
  [1m[36mMovie Load (14.3ms)[0m  [1m[34mSELECT "movies".* FROM "movies"[0m
  ↳ app/controllers/api/v1/movies_controller.rb:3:in `sort_by'
Completed 200 OK in 20ms (Views: 2.8ms | ActiveRecord: 14.3ms | Allocations: 2466)


Started GET "/api/v1/movies" for ::1 at 2020-05-18 12:02:10 -0400
Processing by Api::V1::MoviesController#index as */*
  [1m[36mMovie Load (0.4ms)[0m  [1m[34mSELECT "movies".* FROM "movies"[0m
  ↳ app/controllers/api/v1/movies_controller.rb:3:in `sort_by'
Completed 200 OK in 18ms (Views: 1.1ms | ActiveRecord: 6.7ms | Allocations: 7991)


Started PATCH "/api/v1/movies/10" for ::1 at 2020-05-18 12:02:12 -0400
Processing by Api::V1::MoviesController#update as JSON
  Parameters: {"score"=>1, "id"=>"10", "movie"=>{"score"=>1}}
  [1m[36mMovie Load (0.5ms)[0m  [1m[34mSELECT "movies".* FROM "movies" WHERE "movies"."id" = $1 LIMIT $2[0m  [["id", 10], ["LIMIT", 1]]
  ↳ app/controllers/api/v1/movies_controller.rb:15:in `update'
  [1m[35m (0.6ms)[0m  [1m[35mBEGIN[0m
  ↳ app/controllers/api/v1/movies_controller.rb:17:in `update'
Started PATCH "/api/v1/movies/10" for ::1 at 2020-05-18 12:02:21 -0400
  [1m[36mMovie Update (3.0ms)[0m  [1m[33mUPDATE "movies" SET "score" = $1, "updated_at" = $2 WHERE "movies"."id" = $3[0m  [["score", 1], ["updated_at", "2020-05-18 16:02:21.382709"], ["id", 10]]
  ↳ app/controllers/api/v1/movies_controller.rb:17:in `update'
  [1m[35m (0.4ms)[0m  [1m[35mCOMMIT[0m
  ↳ app/controllers/api/v1/movies_controller.rb:17:in `update'
Completed 200 OK in 8441ms (Views: 0.5ms | ActiveRecord: 4.4ms | Allocations: 5784)


Processing by Api::V1::MoviesController#update as JSON
  Parameters: {"score"=>2, "id"=>"10", "movie"=>{"score"=>2}}
  [1m[36mMovie Load (0.5ms)[0m  [1m[34mSELECT "movies".* FROM "movies" WHERE "movies"."id" = $1 LIMIT $2[0m  [["id", 10], ["LIMIT", 1]]
  ↳ app/controllers/api/v1/movies_controller.rb:15:in `update'
  [1m[35m (0.2ms)[0m  [1m[35mBEGIN[0m
  ↳ app/controllers/api/v1/movies_controller.rb:17:in `update'
  [1m[36mMovie Update (0.5ms)[0m  [1m[33mUPDATE "movies" SET "score" = $1, "updated_at" = $2 WHERE "movies"."id" = $3[0m  [["score", 2], ["updated_at", "2020-05-18 16:02:22.630172"], ["id", 10]]
  ↳ app/controllers/api/v1/movies_controller.rb:17:in `update'
  [1m[35m (2.2ms)[0m  [1m[35mCOMMIT[0m
  ↳ app/controllers/api/v1/movies_controller.rb:17:in `update'
Completed 200 OK in 1222ms (Views: 0.3ms | ActiveRecord: 3.6ms | Allocations: 5048)


Started GET "/api/v1/movies" for ::1 at 2020-05-18 12:02:33 -0400
Processing by Api::V1::MoviesController#index as */*
  [1m[36mMovie Load (0.4ms)[0m  [1m[34mSELECT "movies".* FROM "movies"[0m
  ↳ app/controllers/api/v1/movies_controller.rb:3:in `sort_by'
Completed 200 OK in 23ms (Views: 1.5ms | ActiveRecord: 11.0ms | Allocations: 8095)


Started PATCH "/api/v1/movies/10" for ::1 at 2020-05-18 12:02:35 -0400
Processing by Api::V1::MoviesController#update as JSON
  Parameters: {"score"=>3, "id"=>"10", "movie"=>{"score"=>3}}
  [1m[36mMovie Load (0.3ms)[0m  [1m[34mSELECT "movies".* FROM "movies" WHERE "movies"."id" = $1 LIMIT $2[0m  [["id", 10], ["LIMIT", 1]]
  ↳ app/controllers/api/v1/movies_controller.rb:15:in `update'
  [1m[35m (0.1ms)[0m  [1m[35mBEGIN[0m
  ↳ app/controllers/api/v1/movies_controller.rb:17:in `update'
  [1m[36mMovie Update (0.4ms)[0m  [1m[33mUPDATE "movies" SET "score" = $1, "updated_at" = $2 WHERE "movies"."id" = $3[0m  [["score", 3], ["updated_at", "2020-05-18 16:02:35.833900"], ["id", 10]]
  ↳ app/controllers/api/v1/movies_controller.rb:17:in `update'
  [1m[35m (0.5ms)[0m  [1m[35mCOMMIT[0m
  ↳ app/controllers/api/v1/movies_controller.rb:17:in `update'
Completed 200 OK in 6ms (Views: 0.3ms | ActiveRecord: 1.3ms | Allocations: 3219)


Started PATCH "/api/v1/movies/10" for ::1 at 2020-05-18 12:02:36 -0400
Processing by Api::V1::MoviesController#update as JSON
  Parameters: {"score"=>4, "id"=>"10", "movie"=>{"score"=>4}}
  [1m[36mMovie Load (0.6ms)[0m  [1m[34mSELECT "movies".* FROM "movies" WHERE "movies"."id" = $1 LIMIT $2[0m  [["id", 10], ["LIMIT", 1]]
  ↳ app/controllers/api/v1/movies_controller.rb:15:in `update'
  [1m[35m (0.3ms)[0m  [1m[35mBEGIN[0m
  ↳ app/controllers/api/v1/movies_controller.rb:17:in `update'
  [1m[36mMovie Update (0.8ms)[0m  [1m[33mUPDATE "movies" SET "score" = $1, "updated_at" = $2 WHERE "movies"."id" = $3[0m  [["score", 4], ["updated_at", "2020-05-18 16:02:36.218447"], ["id", 10]]
  ↳ app/controllers/api/v1/movies_controller.rb:17:in `update'
  [1m[35m (0.4ms)[0m  [1m[35mCOMMIT[0m
  ↳ app/controllers/api/v1/movies_controller.rb:17:in `update'
Completed 200 OK in 9ms (Views: 0.3ms | ActiveRecord: 2.1ms | Allocations: 3109)


Started PATCH "/api/v1/movies/10" for ::1 at 2020-05-18 12:02:36 -0400
Processing by Api::V1::MoviesController#update as JSON
  Parameters: {"score"=>5, "id"=>"10", "movie"=>{"score"=>5}}
  [1m[36mMovie Load (0.3ms)[0m  [1m[34mSELECT "movies".* FROM "movies" WHERE "movies"."id" = $1 LIMIT $2[0m  [["id", 10], ["LIMIT", 1]]
  ↳ app/controllers/api/v1/movies_controller.rb:15:in `update'
  [1m[35m (0.1ms)[0m  [1m[35mBEGIN[0m
  ↳ app/controllers/api/v1/movies_controller.rb:17:in `update'
  [1m[36mMovie Update (0.3ms)[0m  [1m[33mUPDATE "movies" SET "score" = $1, "updated_at" = $2 WHERE "movies"."id" = $3[0m  [["score", 5], ["updated_at", "2020-05-18 16:02:36.710601"], ["id", 10]]
  ↳ app/controllers/api/v1/movies_controller.rb:17:in `update'
  [1m[35m (0.5ms)[0m  [1m[35mCOMMIT[0m
  ↳ app/controllers/api/v1/movies_controller.rb:17:in `update'
Completed 200 OK in 5ms (Views: 0.4ms | ActiveRecord: 1.2ms | Allocations: 3107)


Started PATCH "/api/v1/movies/10" for ::1 at 2020-05-18 12:02:37 -0400
Processing by Api::V1::MoviesController#update as JSON
  Parameters: {"score"=>6, "id"=>"10", "movie"=>{"score"=>6}}
  [1m[36mMovie Load (0.5ms)[0m  [1m[34mSELECT "movies".* FROM "movies" WHERE "movies"."id" = $1 LIMIT $2[0m  [["id", 10], ["LIMIT", 1]]
  ↳ app/controllers/api/v1/movies_controller.rb:15:in `update'
  [1m[35m (0.3ms)[0m  [1m[35mBEGIN[0m
  ↳ app/controllers/api/v1/movies_controller.rb:17:in `update'
  [1m[36mMovie Update (0.6ms)[0m  [1m[33mUPDATE "movies" SET "score" = $1, "updated_at" = $2 WHERE "movies"."id" = $3[0m  [["score", 6], ["updated_at", "2020-05-18 16:02:37.151690"], ["id", 10]]
  ↳ app/controllers/api/v1/movies_controller.rb:17:in `update'
  [1m[35m (2.0ms)[0m  [1m[35mCOMMIT[0m
  ↳ app/controllers/api/v1/movies_controller.rb:17:in `update'
Completed 200 OK in 11ms (Views: 0.7ms | ActiveRecord: 3.4ms | Allocations: 3107)


Started GET "/api/v1/movies" for ::1 at 2020-05-18 12:02:39 -0400
Processing by Api::V1::MoviesController#index as */*
  [1m[36mMovie Load (1.0ms)[0m  [1m[34mSELECT "movies".* FROM "movies"[0m
  ↳ app/controllers/api/v1/movies_controller.rb:3:in `sort_by'
Completed 200 OK in 6ms (Views: 2.0ms | ActiveRecord: 1.0ms | Allocations: 2465)


Started PATCH "/api/v1/movies/10" for ::1 at 2020-05-18 12:02:45 -0400
Processing by Api::V1::MoviesController#update as JSON
  Parameters: {"score"=>7, "id"=>"10", "movie"=>{"score"=>7}}
  [1m[36mMovie Load (0.8ms)[0m  [1m[34mSELECT "movies".* FROM "movies" WHERE "movies"."id" = $1 LIMIT $2[0m  [["id", 10], ["LIMIT", 1]]
  ↳ app/controllers/api/v1/movies_controller.rb:15:in `update'
  [1m[35m (0.2ms)[0m  [1m[35mBEGIN[0m
  ↳ app/controllers/api/v1/movies_controller.rb:17:in `update'
  [1m[36mMovie Update (0.6ms)[0m  [1m[33mUPDATE "movies" SET "score" = $1, "updated_at" = $2 WHERE "movies"."id" = $3[0m  [["score", 7], ["updated_at", "2020-05-18 16:02:45.656303"], ["id", 10]]
  ↳ app/controllers/api/v1/movies_controller.rb:17:in `update'
  [1m[35m (0.6ms)[0m  [1m[35mCOMMIT[0m
  ↳ app/controllers/api/v1/movies_controller.rb:17:in `update'
Completed 200 OK in 9ms (Views: 0.4ms | ActiveRecord: 2.1ms | Allocations: 3107)


Started PATCH "/api/v1/movies/10" for ::1 at 2020-05-18 12:02:45 -0400
Processing by Api::V1::MoviesController#update as JSON
  Parameters: {"score"=>8, "id"=>"10", "movie"=>{"score"=>8}}
  [1m[36mMovie Load (0.2ms)[0m  [1m[34mSELECT "movies".* FROM "movies" WHERE "movies"."id" = $1 LIMIT $2[0m  [["id", 10], ["LIMIT", 1]]
  ↳ app/controllers/api/v1/movies_controller.rb:15:in `update'
  [1m[35m (0.2ms)[0m  [1m[35mBEGIN[0m
  ↳ app/controllers/api/v1/movies_controller.rb:17:in `update'
  [1m[36mMovie Update (0.4ms)[0m  [1m[33mUPDATE "movies" SET "score" = $1, "updated_at" = $2 WHERE "movies"."id" = $3[0m  [["score", 8], ["updated_at", "2020-05-18 16:02:45.867658"], ["id", 10]]
  ↳ app/controllers/api/v1/movies_controller.rb:17:in `update'
  [1m[35m (0.4ms)[0m  [1m[35mCOMMIT[0m
  ↳ app/controllers/api/v1/movies_controller.rb:17:in `update'
Completed 200 OK in 5ms (Views: 0.2ms | ActiveRecord: 1.3ms | Allocations: 3107)


Started PATCH "/api/v1/movies/10" for ::1 at 2020-05-18 12:02:46 -0400
Processing by Api::V1::MoviesController#update as JSON
  Parameters: {"score"=>9, "id"=>"10", "movie"=>{"score"=>9}}
  [1m[36mMovie Load (0.3ms)[0m  [1m[34mSELECT "movies".* FROM "movies" WHERE "movies"."id" = $1 LIMIT $2[0m  [["id", 10], ["LIMIT", 1]]
  ↳ app/controllers/api/v1/movies_controller.rb:15:in `update'
  [1m[35m (0.2ms)[0m  [1m[35mBEGIN[0m
  ↳ app/controllers/api/v1/movies_controller.rb:17:in `update'
  [1m[36mMovie Update (0.4ms)[0m  [1m[33mUPDATE "movies" SET "score" = $1, "updated_at" = $2 WHERE "movies"."id" = $3[0m  [["score", 9], ["updated_at", "2020-05-18 16:02:46.106630"], ["id", 10]]
  ↳ app/controllers/api/v1/movies_controller.rb:17:in `update'
  [1m[35m (0.8ms)[0m  [1m[35mCOMMIT[0m
  ↳ app/controllers/api/v1/movies_controller.rb:17:in `update'
Completed 200 OK in 6ms (Views: 0.3ms | ActiveRecord: 1.6ms | Allocations: 3107)


Started PATCH "/api/v1/movies/10" for ::1 at 2020-05-18 12:02:46 -0400
Processing by Api::V1::MoviesController#update as JSON
  Parameters: {"score"=>10, "id"=>"10", "movie"=>{"score"=>10}}
  [1m[36mMovie Load (0.2ms)[0m  [1m[34mSELECT "movies".* FROM "movies" WHERE "movies"."id" = $1 LIMIT $2[0m  [["id", 10], ["LIMIT", 1]]
  ↳ app/controllers/api/v1/movies_controller.rb:15:in `update'
  [1m[35m (0.2ms)[0m  [1m[35mBEGIN[0m
  ↳ app/controllers/api/v1/movies_controller.rb:17:in `update'
  [1m[36mMovie Update (0.3ms)[0m  [1m[33mUPDATE "movies" SET "score" = $1, "updated_at" = $2 WHERE "movies"."id" = $3[0m  [["score", 10], ["updated_at", "2020-05-18 16:02:46.361299"], ["id", 10]]
  ↳ app/controllers/api/v1/movies_controller.rb:17:in `update'
  [1m[35m (0.5ms)[0m  [1m[35mCOMMIT[0m
  ↳ app/controllers/api/v1/movies_controller.rb:17:in `update'
Completed 200 OK in 12ms (Views: 8.2ms | ActiveRecord: 1.2ms | Allocations: 3110)


Started GET "/api/v1/movies" for ::1 at 2020-05-18 12:02:47 -0400
Processing by Api::V1::MoviesController#index as */*
  [1m[36mMovie Load (8.7ms)[0m  [1m[34mSELECT "movies".* FROM "movies"[0m
  ↳ app/controllers/api/v1/movies_controller.rb:3:in `sort_by'
Completed 200 OK in 16ms (Views: 4.4ms | ActiveRecord: 8.7ms | Allocations: 2465)


Started DELETE "/api/v1/movies/12" for ::1 at 2020-05-18 12:03:17 -0400
  
AbstractController::ActionNotFound (The action 'destroy' could not be found for Api::V1::MoviesController):
  
actionpack (6.0.3) lib/abstract_controller/base.rb:131:in `process'
actionpack (6.0.3) lib/action_controller/metal.rb:190:in `dispatch'
actionpack (6.0.3) lib/action_controller/metal.rb:254:in `dispatch'
actionpack (6.0.3) lib/action_dispatch/routing/route_set.rb:50:in `dispatch'
actionpack (6.0.3) lib/action_dispatch/routing/route_set.rb:33:in `serve'
actionpack (6.0.3) lib/action_dispatch/journey/router.rb:49:in `block in serve'
actionpack (6.0.3) lib/action_dispatch/journey/router.rb:32:in `each'
actionpack (6.0.3) lib/action_dispatch/journey/router.rb:32:in `serve'
actionpack (6.0.3) lib/action_dispatch/routing/route_set.rb:834:in `call'
rack (2.2.2) lib/rack/etag.rb:27:in `call'
rack (2.2.2) lib/rack/conditional_get.rb:40:in `call'
rack (2.2.2) lib/rack/head.rb:12:in `call'
activerecord (6.0.3) lib/active_record/migration.rb:567:in `call'
actionpack (6.0.3) lib/action_dispatch/middleware/callbacks.rb:27:in `block in call'
activesupport (6.0.3) lib/active_support/callbacks.rb:101:in `run_callbacks'
actionpack (6.0.3) lib/action_dispatch/middleware/callbacks.rb:26:in `call'
actionpack (6.0.3) lib/action_dispatch/middleware/executor.rb:14:in `call'
actionpack (6.0.3) lib/action_dispatch/middleware/actionable_exceptions.rb:17:in `call'
actionpack (6.0.3) lib/action_dispatch/middleware/debug_exceptions.rb:32:in `call'
actionpack (6.0.3) lib/action_dispatch/middleware/show_exceptions.rb:33:in `call'
railties (6.0.3) lib/rails/rack/logger.rb:37:in `call_app'
railties (6.0.3) lib/rails/rack/logger.rb:26:in `block in call'
activesupport (6.0.3) lib/active_support/tagged_logging.rb:80:in `block in tagged'
activesupport (6.0.3) lib/active_support/tagged_logging.rb:28:in `tagged'
activesupport (6.0.3) lib/active_support/tagged_logging.rb:80:in `tagged'
railties (6.0.3) lib/rails/rack/logger.rb:26:in `call'
actionpack (6.0.3) lib/action_dispatch/middleware/remote_ip.rb:81:in `call'
actionpack (6.0.3) lib/action_dispatch/middleware/request_id.rb:27:in `call'
rack (2.2.2) lib/rack/runtime.rb:22:in `call'
activesupport (6.0.3) lib/active_support/cache/strategy/local_cache_middleware.rb:29:in `call'
actionpack (6.0.3) lib/action_dispatch/middleware/executor.rb:14:in `call'
actionpack (6.0.3) lib/action_dispatch/middleware/static.rb:126:in `call'
rack (2.2.2) lib/rack/sendfile.rb:110:in `call'
actionpack (6.0.3) lib/action_dispatch/middleware/host_authorization.rb:82:in `call'
rack-cors (1.1.1) lib/rack/cors.rb:100:in `call'
railties (6.0.3) lib/rails/engine.rb:527:in `call'
puma (4.3.3) lib/puma/configuration.rb:228:in `call'
puma (4.3.3) lib/puma/server.rb:682:in `handle_request'
puma (4.3.3) lib/puma/server.rb:472:in `process_client'
puma (4.3.3) lib/puma/server.rb:328:in `block in run'
puma (4.3.3) lib/puma/thread_pool.rb:134:in `block in spawn_thread'
Started GET "/api/v1/movies" for ::1 at 2020-05-18 12:03:48 -0400
Processing by Api::V1::MoviesController#index as */*
  [1m[36mMovie Load (0.5ms)[0m  [1m[34mSELECT "movies".* FROM "movies"[0m
  ↳ app/controllers/api/v1/movies_controller.rb:3:in `sort_by'
Completed 200 OK in 16ms (Views: 1.4ms | ActiveRecord: 6.5ms | Allocations: 8022)


Started DELETE "/api/v1/movies/12" for ::1 at 2020-05-18 12:03:50 -0400
Processing by Api::V1::MoviesController#destroy as JSON
  Parameters: {"id"=>"12", "movie"=>{}}
  [1m[36mMovie Load (0.7ms)[0m  [1m[34mSELECT "movies".* FROM "movies" WHERE "movies"."id" = $1 LIMIT $2[0m  [["id", 12], ["LIMIT", 1]]
  ↳ app/controllers/api/v1/movies_controller.rb:29:in `destroy'
  [1m[35m (0.3ms)[0m  [1m[35mBEGIN[0m
  ↳ app/controllers/api/v1/movies_controller.rb:30:in `destroy'
  [1m[36mMovie Destroy (0.8ms)[0m  [1m[31mDELETE FROM "movies" WHERE "movies"."id" = $1[0m  [["id", 12]]
  ↳ app/controllers/api/v1/movies_controller.rb:30:in `destroy'
  [1m[35m (0.7ms)[0m  [1m[35mCOMMIT[0m
  ↳ app/controllers/api/v1/movies_controller.rb:30:in `destroy'
Completed 204 No Content in 10ms (ActiveRecord: 2.6ms | Allocations: 2564)


Started GET "/api/v1/movies" for ::1 at 2020-05-18 12:03:52 -0400
Processing by Api::V1::MoviesController#index as */*
  [1m[36mMovie Load (0.5ms)[0m  [1m[34mSELECT "movies".* FROM "movies"[0m
  ↳ app/controllers/api/v1/movies_controller.rb:3:in `sort_by'
Completed 200 OK in 5ms (Views: 2.4ms | ActiveRecord: 0.5ms | Allocations: 2316)


